[17:06:46.672][info] [#0:/home/its_19818942118/.local/share/nvim/mason/packages/lua-language-server/libexec/main.lua:66]: Lua Lsp startup, root: 	/home/its_19818942118/.local/share/nvim/mason/packages/lua-language-server/libexec
[17:06:46.672][info] [#0:/home/its_19818942118/.local/share/nvim/mason/packages/lua-language-server/libexec/main.lua:67]: ROOT:	/home/its_19818942118/.local/share/nvim/mason/packages/lua-language-server/libexec
[17:06:46.672][info] [#0:/home/its_19818942118/.local/share/nvim/mason/packages/lua-language-server/libexec/main.lua:68]: LOGPATH:	/home/its_19818942118/.local/share/nvim/mason/packages/lua-language-server/libexec/log
[17:06:46.672][info] [#0:/home/its_19818942118/.local/share/nvim/mason/packages/lua-language-server/libexec/main.lua:69]: METAPATH:	/home/its_19818942118/.local/share/nvim/mason/packages/lua-language-server/libexec/meta
[17:06:46.672][info] [#0:/home/its_19818942118/.local/share/nvim/mason/packages/lua-language-server/libexec/main.lua:70]: VERSION:	3.7.1
[17:06:46.731][info] [#0:script/service/service.lua:144]: 
========= Medical Examination Report =========
    --------------- Memory ---------------
        Total: 1.343 MB
        # 00 : 1.343 MB
        # 01 : 0.000 MB
        # 02 : 0.000 MB
        # 03 : 0.000 MB
        # 04 : 0.000 MB
    --------------- Coroutine ---------------
        Total:     0
        Running:   0
        Suspended: 0
        Normal:    0
        Dead:      0
    --------------- Cache ---------------
        Total: 1
        Dead:  0
    ---------------  RPC  ---------------
        Holdon:   0
        Waiting:  0
==============================================
[17:06:46.738][info] [#0:script/client.lua:657]: Client init	{
  capabilities = {
    textDocument = {
      callHierarchy = {
        dynamicRegistration = false
      },
      codeAction = {
        codeActionLiteralSupport = {
          codeActionKind = {
            valueSet = { "", "quickfix", "refactor", "refactor.extract", "refactor.inline", "refactor.rewrite", "source", "source.organizeImports" }
          }
        },
        dataSupport = true,
        dynamicRegistration = false,
        isPreferredSupport = true,
        resolveSupport = {
          properties = { "edit" }
        }
      },
      completion = {
        completionItem = {
          commitCharactersSupport = true,
          deprecatedSupport = true,
          documentationFormat = { "markdown", "plaintext" },
          insertReplaceSupport = true,
          insertTextModeSupport = {
            valueSet = { 1, 2 }
          },
          labelDetailsSupport = true,
          preselectSupport = true,
          resolveSupport = {
            properties = { "documentation", "detail", "additionalTextEdits", "sortText", "filterText", "insertText", "textEdit", "insertTextFormat", "insertTextMode" }
          },
          snippetSupport = true,
          tagSupport = {
            valueSet = { 1 }
          }
        },
        completionItemKind = {
          valueSet = { 1, 2, 3, 4, 5, 6, 7, 8, 9, 10, 11, 12, 13, 14, 15, 16, 17, 18, 19, 20, 21, 22, 23, 24, 25 }
        },
        completionList = {
          itemDefaults = { "commitCharacters", "editRange", "insertTextFormat", "insertTextMode", "data" }
        },
        contextSupport = true,
        dynamicRegistration = false,
        insertTextMode = 1
      },
      declaration = {
        linkSupport = true
      },
      definition = {
        linkSupport = true
      },
      documentHighlight = {
        dynamicRegistration = false
      },
      documentSymbol = {
        dynamicRegistration = false,
        hierarchicalDocumentSymbolSupport = true,
        symbolKind = {
          valueSet = { 1, 2, 3, 4, 5, 6, 7, 8, 9, 10, 11, 12, 13, 14, 15, 16, 17, 18, 19, 20, 21, 22, 23, 24, 25, 26 }
        }
      },
      hover = {
        contentFormat = { "markdown", "plaintext" },
        dynamicRegistration = false
      },
      implementation = {
        linkSupport = true
      },
      publishDiagnostics = {
        relatedInformation = true,
        tagSupport = {
          valueSet = { 1, 2 }
        }
      },
      references = {
        dynamicRegistration = false
      },
      rename = {
        dynamicRegistration = false,
        prepareSupport = true
      },
      semanticTokens = {
        augmentsSyntaxTokens = true,
        dynamicRegistration = false,
        formats = { "relative" },
        multilineTokenSupport = false,
        overlappingTokenSupport = true,
        requests = {
          full = {
            delta = true
          },
          range = false
        },
        serverCancelSupport = false,
        tokenModifiers = { "declaration", "definition", "readonly", "static", "deprecated", "abstract", "async", "modification", "documentation", "defaultLibrary" },
        tokenTypes = { "namespace", "type", "class", "enum", "interface", "struct", "typeParameter", "parameter", "variable", "property", "enumMember", "event", "function", "method", "macro", "keyword", "modifier", "comment", "string", "number", "regexp", "operator", "decorator" }
      },
      signatureHelp = {
        dynamicRegistration = false,
        signatureInformation = {
          activeParameterSupport = true,
          documentationFormat = { "markdown", "plaintext" },
          parameterInformation = {
            labelOffsetSupport = true
          }
        }
      },
      synchronization = {
        didSave = true,
        dynamicRegistration = false,
        willSave = true,
        willSaveWaitUntil = true
      },
      typeDefinition = {
        linkSupport = true
      }
    },
    window = {
      showDocument = {
        support = true
      },
      showMessage = {
        messageActionItem = {
          additionalPropertiesSupport = false
        }
      },
      workDoneProgress = true
    },
    workspace = {
      applyEdit = true,
      configuration = true,
      didChangeWatchedFiles = {
        dynamicRegistration = false,
        relativePatternSupport = true
      },
      semanticTokens = {
        refreshSupport = true
      },
      symbol = {
        dynamicRegistration = false,
        hierarchicalWorkspaceSymbolSupport = true,
        symbolKind = {
          valueSet = { 1, 2, 3, 4, 5, 6, 7, 8, 9, 10, 11, 12, 13, 14, 15, 16, 17, 18, 19, 20, 21, 22, 23, 24, 25, 26 }
        }
      },
      workspaceEdit = {
        resourceOperations = { "rename", "create", "delete" }
      },
      workspaceFolders = true
    }
  },
  clientInfo = {
    name = "Neovim",
    version = "0.9.4"
  },
  initializationOptions = {},
  processId = 1820,
  rootPath = "/home/its_19818942118/.config/nvim/lua/",
  rootUri = "file:///home/its_19818942118/.config/nvim/lua/",
  trace = "off",
  workspaceFolders = { {
      name = "/home/its_19818942118/.config/nvim/lua/",
      uri = "file:///home/its_19818942118/.config/nvim/lua/"
    } }
}
[17:06:46.738][info] [#0:script/language.lua:137]: VSC language: nil
[17:06:46.738][info] [#0:script/language.lua:138]: LS  language: en-us
[17:06:46.738][info] [#0:script/workspace/workspace.lua:38]: Workspace init root: 	file:///home/its_19818942118/.config/nvim/lua/
[17:06:46.738][info] [#0:script/workspace/workspace.lua:42]: Log path: 	/home/its_19818942118/.local/share/nvim/mason/packages/lua-language-server/libexec/log/file_home_its_19818942118_.config_nvim_lua_.log
[17:06:46.746][info] [#0:script/workspace/workspace.lua:48]: Workspace create: 	file:///home/its_19818942118/.config/nvim/lua/
[17:06:54.162][info] [#0:script/provider/provider.lua:46]: Load config from client	file:///home/its_19818942118/.config/nvim/lua/
[17:06:54.162][info] [#0:script/provider/provider.lua:47]: {
  Lua = {
    diagnostics = {
      globals = { "vim" }
    },
    workspace = {
      library = {
        ["/home/its_19818942118/.config/nvim/lua"] = true,
        ["/tmp/.mount_nvimxJ5vrY/usr/share/nvim/runtime/lua"] = true
      }
    }
  }
}
[17:06:54.163][info] [#0:script/provider/provider.lua:46]: Load config from client	file:///home/its_19818942118/.config/nvim/lua/
[17:06:54.163][info] [#0:script/provider/provider.lua:47]: {
  Lua = {
    diagnostics = {
      globals = { "vim" }
    },
    workspace = {
      library = {
        ["/home/its_19818942118/.config/nvim/lua"] = true,
        ["/tmp/.mount_nvimxJ5vrY/usr/share/nvim/runtime/lua"] = true
      }
    }
  }
}
[17:06:54.163][info] [#0:script/provider/provider.lua:46]: Load config from client	file:///home/its_19818942118/.config/nvim/lua/
[17:06:54.163][info] [#0:script/provider/provider.lua:47]: {
  Lua = {
    diagnostics = {
      globals = { "vim" }
    },
    workspace = {
      library = {
        ["/home/its_19818942118/.config/nvim/lua"] = true,
        ["/tmp/.mount_nvimxJ5vrY/usr/share/nvim/runtime/lua"] = true
      }
    }
  }
}
[17:06:54.669][info] [#0:script/provider/provider.lua:61]: Load config from client	fallback
[17:06:54.670][info] [#0:script/provider/provider.lua:62]: {
  Lua = {
    diagnostics = {
      globals = { "vim" }
    },
    workspace = {
      library = {
        ["/home/its_19818942118/.config/nvim/lua"] = true,
        ["/tmp/.mount_nvimxJ5vrY/usr/share/nvim/runtime/lua"] = true
      }
    }
  }
}
[17:06:54.670][info] [#0:script/provider/provider.lua:61]: Load config from client	fallback
[17:06:54.670][info] [#0:script/provider/provider.lua:62]: {
  Lua = {
    diagnostics = {
      globals = { "vim" }
    },
    workspace = {
      library = {
        ["/home/its_19818942118/.config/nvim/lua"] = true,
        ["/tmp/.mount_nvimxJ5vrY/usr/share/nvim/runtime/lua"] = true
      }
    }
  }
}
[17:06:54.670][info] [#0:script/provider/provider.lua:61]: Load config from client	fallback
[17:06:54.670][info] [#0:script/provider/provider.lua:62]: {
  Lua = {
    diagnostics = {
      globals = { "vim" }
    },
    workspace = {
      library = {
        ["/home/its_19818942118/.config/nvim/lua"] = true,
        ["/tmp/.mount_nvimxJ5vrY/usr/share/nvim/runtime/lua"] = true
      }
    }
  }
}
[17:06:54.771][info] [#0:script/library.lua:212]: Init builtin library at:	file:///home/its_19818942118/.config/nvim/lua/
[17:06:54.926][info] [#0:script/plugin.lua:86]: plugin path:	/home/its_19818942118/.config/nvim/lua
[17:06:54.926][warn] [#0:script/plugin.lua:101]: plugin not found:	/home/its_19818942118/.config/nvim/lua
[17:06:54.926][info] [#0:script/library.lua:212]: Init builtin library at:	nil
[17:06:55.075][info] [#0:script/workspace/workspace.lua:324]: Preload start:	file:///home/its_19818942118/.config/nvim/lua/
[17:06:55.079][info] [#0:script/workspace/workspace.lua:330]: Scan files at:	file:///home/its_19818942118/.config/nvim/lua/
[17:06:55.080][info] [#0:script/workspace/workspace.lua:324]: Preload start:	<fallback>
[17:06:55.093][info] [#0:script/workspace/workspace.lua:353]: Scan library at:	file:///home/its_19818942118/.local/share/nvim/mason/packages/lua-language-server/libexec/meta/Lua%205.4%20en-us%20utf8/debug.lua
[17:06:55.095][info] [#0:script/workspace/workspace.lua:353]: Scan library at:	file:///home/its_19818942118/.config/nvim/lua
[17:06:55.097][info] [#0:script/workspace/workspace.lua:353]: Scan library at:	file:///home/its_19818942118/.local/share/nvim/mason/packages/lua-language-server/libexec/meta/Lua%205.4%20en-us%20utf8/debug.lua
[17:06:55.097][info] [#0:script/workspace/workspace.lua:353]: Scan library at:	file:///home/its_19818942118/.config/nvim/lua
[17:06:55.097][info] [#0:script/workspace/workspace.lua:353]: Scan library at:	file:///home/its_19818942118/.local/share/nvim/mason/packages/lua-language-server/libexec/meta/Lua%205.4%20en-us%20utf8/basic.lua
[17:06:55.107][info] [#0:script/workspace/workspace.lua:353]: Scan library at:	file:///home/its_19818942118/.local/share/nvim/mason/packages/lua-language-server/libexec/meta/Lua%205.4%20en-us%20utf8/coroutine.lua
[17:06:55.108][info] [#0:script/workspace/workspace.lua:353]: Scan library at:	file:///tmp/.mount_nvimxJ5vrY/usr/share/nvim/runtime/lua
[17:06:55.166][info] [#0:script/workspace/workspace.lua:353]: Scan library at:	file:///home/its_19818942118/.local/share/nvim/mason/packages/lua-language-server/libexec/meta/Lua%205.4%20en-us%20utf8/basic.lua
[17:06:55.166][info] [#0:script/workspace/workspace.lua:353]: Scan library at:	file:///home/its_19818942118/.local/share/nvim/mason/packages/lua-language-server/libexec/meta/Lua%205.4%20en-us%20utf8/coroutine.lua
[17:06:55.166][info] [#0:script/workspace/workspace.lua:353]: Scan library at:	file:///tmp/.mount_nvimxJ5vrY/usr/share/nvim/runtime/lua
[17:06:55.198][info] [#0:script/workspace/workspace.lua:353]: Scan library at:	file:///home/its_19818942118/.local/share/nvim/mason/packages/lua-language-server/libexec/meta/Lua%205.4%20en-us%20utf8/os.lua
[17:06:55.199][info] [#0:script/workspace/workspace.lua:353]: Scan library at:	file:///home/its_19818942118/.local/share/nvim/mason/packages/lua-language-server/libexec/meta/Lua%205.4%20en-us%20utf8/table.lua
[17:06:55.199][info] [#0:script/workspace/workspace.lua:353]: Scan library at:	file:///home/its_19818942118/.local/share/nvim/mason/packages/lua-language-server/libexec/meta/Lua%205.4%20en-us%20utf8/math.lua
[17:06:55.199][info] [#0:script/workspace/workspace.lua:353]: Scan library at:	file:///home/its_19818942118/.local/share/nvim/mason/packages/lua-language-server/libexec/meta/Lua%205.4%20en-us%20utf8/io.lua
[17:06:55.199][info] [#0:script/workspace/workspace.lua:353]: Scan library at:	file:///home/its_19818942118/.local/share/nvim/mason/packages/lua-language-server/libexec/meta/Lua%205.4%20en-us%20utf8/package.lua
[17:06:55.200][info] [#0:script/workspace/workspace.lua:353]: Scan library at:	file:///home/its_19818942118/.local/share/nvim/mason/packages/lua-language-server/libexec/meta/Lua%205.4%20en-us%20utf8/utf8.lua
[17:06:55.200][info] [#0:script/workspace/workspace.lua:353]: Scan library at:	file:///home/its_19818942118/.local/share/nvim/mason/packages/lua-language-server/libexec/meta/Lua%205.4%20en-us%20utf8/string.lua
[17:06:55.200][info] [#0:script/workspace/workspace.lua:353]: Scan library at:	file:///home/its_19818942118/.local/share/nvim/mason/packages/lua-language-server/libexec/meta/Lua%205.4%20en-us%20utf8/builtin.lua
[17:06:55.200][info] [#0:script/workspace/workspace.lua:353]: Scan library at:	file:///home/its_19818942118/.local/share/nvim/mason/packages/lua-language-server/libexec/meta/Lua%205.4%20en-us%20utf8/os.lua
[17:06:55.200][info] [#0:script/workspace/workspace.lua:353]: Scan library at:	file:///home/its_19818942118/.local/share/nvim/mason/packages/lua-language-server/libexec/meta/Lua%205.4%20en-us%20utf8/table.lua
[17:06:55.201][info] [#0:script/workspace/workspace.lua:353]: Scan library at:	file:///home/its_19818942118/.local/share/nvim/mason/packages/lua-language-server/libexec/meta/Lua%205.4%20en-us%20utf8/math.lua
[17:06:55.201][info] [#0:script/workspace/workspace.lua:353]: Scan library at:	file:///home/its_19818942118/.local/share/nvim/mason/packages/lua-language-server/libexec/meta/Lua%205.4%20en-us%20utf8/io.lua
[17:06:55.201][info] [#0:script/workspace/workspace.lua:353]: Scan library at:	file:///home/its_19818942118/.local/share/nvim/mason/packages/lua-language-server/libexec/meta/Lua%205.4%20en-us%20utf8/package.lua
[17:06:55.201][info] [#0:script/workspace/workspace.lua:353]: Scan library at:	file:///home/its_19818942118/.local/share/nvim/mason/packages/lua-language-server/libexec/meta/Lua%205.4%20en-us%20utf8/utf8.lua
[17:06:55.201][info] [#0:script/workspace/workspace.lua:353]: Scan library at:	file:///home/its_19818942118/.local/share/nvim/mason/packages/lua-language-server/libexec/meta/Lua%205.4%20en-us%20utf8/string.lua
[17:06:55.201][info] [#0:script/workspace/workspace.lua:353]: Scan library at:	file:///home/its_19818942118/.local/share/nvim/mason/packages/lua-language-server/libexec/meta/Lua%205.4%20en-us%20utf8/builtin.lua
[17:06:55.302][info] [#0:script/workspace/workspace.lua:379]: Found 89 files at:	<fallback>
[17:06:55.302][info] [#0:script/workspace/loading.lua:161]: Load files from disk:	<fallback>
[17:06:55.302][info] [#0:script/workspace/workspace.lua:379]: Found 97 files at:	file:///home/its_19818942118/.config/nvim/lua/
[17:06:55.302][info] [#0:script/workspace/loading.lua:161]: Load files from disk:	file:///home/its_19818942118/.config/nvim/lua/
[17:06:55.304][info] [#0:script/workspace/loading.lua:101]: Preload file at: file:///home/its_19818942118/.local/share/nvim/mason/packages/lua-language-server/libexec/meta/Lua%205.4%20en-us%20utf8/builtin.lua , size = 0.302 KB
[17:06:55.311][info] [#0:script/workspace/loading.lua:113]: ++++As library of:	file:///home/its_19818942118/.local/share/nvim/mason/packages/lua-language-server/libexec/meta/Lua%205.4%20en-us%20utf8/builtin.lua
[17:06:55.311][info] [#0:script/workspace/loading.lua:98]: Skip loaded file: file:///home/its_19818942118/.local/share/nvim/mason/packages/lua-language-server/libexec/meta/Lua%205.4%20en-us%20utf8/builtin.lua
[17:06:55.314][info] [#0:script/workspace/loading.lua:101]: Preload file at: file:///home/its_19818942118/.local/share/nvim/mason/packages/lua-language-server/libexec/meta/Lua%205.4%20en-us%20utf8/string.lua , size = 6.341 KB
[17:06:55.340][info] [#0:script/workspace/loading.lua:113]: ++++As library of:	file:///home/its_19818942118/.local/share/nvim/mason/packages/lua-language-server/libexec/meta/Lua%205.4%20en-us%20utf8/string.lua
[17:06:55.340][info] [#0:script/workspace/loading.lua:89]: Skip loaded file: file:///home/its_19818942118/.local/share/nvim/mason/packages/lua-language-server/libexec/meta/Lua%205.4%20en-us%20utf8/string.lua
[17:06:55.340][info] [#0:script/workspace/loading.lua:113]: ++++As library of:	file:///home/its_19818942118/.local/share/nvim/mason/packages/lua-language-server/libexec/meta/Lua%205.4%20en-us%20utf8/string.lua
[17:06:55.340][info] [#0:script/workspace/loading.lua:101]: Preload file at: file:///home/its_19818942118/.local/share/nvim/mason/packages/lua-language-server/libexec/meta/Lua%205.4%20en-us%20utf8/utf8.lua , size = 2.386 KB
[17:06:55.344][info] [#0:script/workspace/loading.lua:113]: ++++As library of:	file:///home/its_19818942118/.local/share/nvim/mason/packages/lua-language-server/libexec/meta/Lua%205.4%20en-us%20utf8/utf8.lua
[17:06:55.344][info] [#0:script/workspace/loading.lua:98]: Skip loaded file: file:///home/its_19818942118/.local/share/nvim/mason/packages/lua-language-server/libexec/meta/Lua%205.4%20en-us%20utf8/utf8.lua
[17:06:55.344][info] [#0:script/workspace/loading.lua:101]: Preload file at: file:///home/its_19818942118/.local/share/nvim/mason/packages/lua-language-server/libexec/meta/Lua%205.4%20en-us%20utf8/package.lua , size = 2.944 KB
[17:06:55.357][info] [#0:script/workspace/loading.lua:113]: ++++As library of:	file:///home/its_19818942118/.local/share/nvim/mason/packages/lua-language-server/libexec/meta/Lua%205.4%20en-us%20utf8/package.lua
[17:06:55.357][info] [#0:script/workspace/loading.lua:98]: Skip loaded file: file:///home/its_19818942118/.local/share/nvim/mason/packages/lua-language-server/libexec/meta/Lua%205.4%20en-us%20utf8/package.lua
[17:06:55.357][info] [#0:script/workspace/loading.lua:101]: Preload file at: file:///home/its_19818942118/.local/share/nvim/mason/packages/lua-language-server/libexec/meta/Lua%205.4%20en-us%20utf8/io.lua , size = 6.364 KB
[17:06:55.374][info] [#0:script/workspace/loading.lua:113]: ++++As library of:	file:///home/its_19818942118/.local/share/nvim/mason/packages/lua-language-server/libexec/meta/Lua%205.4%20en-us%20utf8/io.lua
[17:06:55.374][info] [#0:script/workspace/loading.lua:89]: Skip loaded file: file:///home/its_19818942118/.local/share/nvim/mason/packages/lua-language-server/libexec/meta/Lua%205.4%20en-us%20utf8/io.lua
[17:06:55.374][info] [#0:script/workspace/loading.lua:113]: ++++As library of:	file:///home/its_19818942118/.local/share/nvim/mason/packages/lua-language-server/libexec/meta/Lua%205.4%20en-us%20utf8/io.lua
[17:06:55.374][info] [#0:script/workspace/loading.lua:101]: Preload file at: file:///home/its_19818942118/.local/share/nvim/mason/packages/lua-language-server/libexec/meta/Lua%205.4%20en-us%20utf8/math.lua , size = 8.509 KB
[17:06:55.422][info] [#0:script/workspace/loading.lua:113]: ++++As library of:	file:///home/its_19818942118/.local/share/nvim/mason/packages/lua-language-server/libexec/meta/Lua%205.4%20en-us%20utf8/math.lua
[17:06:55.422][info] [#0:script/workspace/loading.lua:98]: Skip loaded file: file:///home/its_19818942118/.local/share/nvim/mason/packages/lua-language-server/libexec/meta/Lua%205.4%20en-us%20utf8/math.lua
[17:06:55.423][info] [#0:script/workspace/loading.lua:101]: Preload file at: file:///home/its_19818942118/.local/share/nvim/mason/packages/lua-language-server/libexec/meta/Lua%205.4%20en-us%20utf8/table.lua , size = 4.230 KB
[17:06:55.438][info] [#0:script/workspace/loading.lua:113]: ++++As library of:	file:///home/its_19818942118/.local/share/nvim/mason/packages/lua-language-server/libexec/meta/Lua%205.4%20en-us%20utf8/table.lua
[17:06:55.438][info] [#0:script/workspace/loading.lua:98]: Skip loaded file: file:///home/its_19818942118/.local/share/nvim/mason/packages/lua-language-server/libexec/meta/Lua%205.4%20en-us%20utf8/table.lua
[17:06:55.438][info] [#0:script/workspace/loading.lua:101]: Preload file at: file:///home/its_19818942118/.local/share/nvim/mason/packages/lua-language-server/libexec/meta/Lua%205.4%20en-us%20utf8/os.lua , size = 5.600 KB
[17:06:55.454][info] [#0:script/workspace/loading.lua:113]: ++++As library of:	file:///home/its_19818942118/.local/share/nvim/mason/packages/lua-language-server/libexec/meta/Lua%205.4%20en-us%20utf8/os.lua
[17:06:55.454][info] [#0:script/workspace/loading.lua:98]: Skip loaded file: file:///home/its_19818942118/.local/share/nvim/mason/packages/lua-language-server/libexec/meta/Lua%205.4%20en-us%20utf8/os.lua
[17:06:55.455][info] [#0:script/workspace/loading.lua:101]: Preload file at: file:///tmp/.mount_nvimxJ5vrY/usr/share/nvim/runtime/lua/_vim9script.lua , size = 15.439 KB
[17:06:55.531][info] [#0:script/workspace/loading.lua:113]: ++++As library of:	file:///tmp/.mount_nvimxJ5vrY/usr/share/nvim/runtime/lua
[17:06:55.531][info] [#0:script/workspace/loading.lua:101]: Preload file at: file:///tmp/.mount_nvimxJ5vrY/usr/share/nvim/runtime/lua/editorconfig.lua , size = 7.479 KB
[17:06:55.552][info] [#0:script/workspace/loading.lua:113]: ++++As library of:	file:///tmp/.mount_nvimxJ5vrY/usr/share/nvim/runtime/lua
[17:06:55.552][info] [#0:script/workspace/loading.lua:98]: Skip loaded file: file:///tmp/.mount_nvimxJ5vrY/usr/share/nvim/runtime/lua/editorconfig.lua
[17:06:55.552][info] [#0:script/workspace/loading.lua:101]: Preload file at: file:///tmp/.mount_nvimxJ5vrY/usr/share/nvim/runtime/lua/jit/bc.lua , size = 5.417 KB
[17:06:55.579][info] [#0:script/workspace/loading.lua:113]: ++++As library of:	file:///tmp/.mount_nvimxJ5vrY/usr/share/nvim/runtime/lua
[17:06:55.580][info] [#0:script/workspace/loading.lua:98]: Skip loaded file: file:///tmp/.mount_nvimxJ5vrY/usr/share/nvim/runtime/lua/jit/bc.lua
[17:06:55.580][info] [#0:script/workspace/loading.lua:101]: Preload file at: file:///tmp/.mount_nvimxJ5vrY/usr/share/nvim/runtime/lua/jit/bcsave.lua , size = 19.096 KB
[17:06:55.646][info] [#0:script/workspace/loading.lua:113]: ++++As library of:	file:///tmp/.mount_nvimxJ5vrY/usr/share/nvim/runtime/lua
[17:06:55.646][info] [#0:script/workspace/loading.lua:98]: Skip loaded file: file:///tmp/.mount_nvimxJ5vrY/usr/share/nvim/runtime/lua/_vim9script.lua
[17:06:55.646][info] [#0:script/workspace/loading.lua:101]: Preload file at: file:///tmp/.mount_nvimxJ5vrY/usr/share/nvim/runtime/lua/jit/dis_arm.lua , size = 18.891 KB
[17:06:55.743][info] [#0:script/workspace/loading.lua:113]: ++++As library of:	file:///tmp/.mount_nvimxJ5vrY/usr/share/nvim/runtime/lua
[17:06:55.753][info] [#0:script/workspace/loading.lua:98]: Skip loaded file: file:///tmp/.mount_nvimxJ5vrY/usr/share/nvim/runtime/lua/jit/bcsave.lua
[17:06:55.753][info] [#0:script/workspace/loading.lua:89]: Skip loaded file: file:///tmp/.mount_nvimxJ5vrY/usr/share/nvim/runtime/lua/jit/dis_arm.lua
[17:06:55.754][info] [#0:script/workspace/loading.lua:113]: ++++As library of:	file:///tmp/.mount_nvimxJ5vrY/usr/share/nvim/runtime/lua
[17:06:55.754][info] [#0:script/workspace/loading.lua:101]: Preload file at: file:///tmp/.mount_nvimxJ5vrY/usr/share/nvim/runtime/lua/jit/dis_arm64.lua , size = 30.163 KB
[17:06:55.869][info] [#0:script/workspace/loading.lua:113]: ++++As library of:	file:///tmp/.mount_nvimxJ5vrY/usr/share/nvim/runtime/lua
[17:06:55.870][info] [#0:script/workspace/loading.lua:98]: Skip loaded file: file:///tmp/.mount_nvimxJ5vrY/usr/share/nvim/runtime/lua/jit/dis_arm64.lua
[17:06:55.870][info] [#0:script/workspace/loading.lua:101]: Preload file at: file:///tmp/.mount_nvimxJ5vrY/usr/share/nvim/runtime/lua/jit/dis_arm64be.lua , size = 0.604 KB
[17:06:55.881][info] [#0:script/workspace/loading.lua:113]: ++++As library of:	file:///tmp/.mount_nvimxJ5vrY/usr/share/nvim/runtime/lua
[17:06:55.881][info] [#0:script/workspace/loading.lua:98]: Skip loaded file: file:///tmp/.mount_nvimxJ5vrY/usr/share/nvim/runtime/lua/jit/dis_arm64be.lua
[17:06:55.881][info] [#0:script/workspace/loading.lua:101]: Preload file at: file:///tmp/.mount_nvimxJ5vrY/usr/share/nvim/runtime/lua/jit/dis_mips.lua , size = 21.494 KB
[17:06:55.997][info] [#0:script/workspace/loading.lua:113]: ++++As library of:	file:///tmp/.mount_nvimxJ5vrY/usr/share/nvim/runtime/lua
[17:06:55.998][info] [#0:script/workspace/loading.lua:98]: Skip loaded file: file:///tmp/.mount_nvimxJ5vrY/usr/share/nvim/runtime/lua/jit/dis_mips.lua
[17:06:55.998][info] [#0:script/workspace/loading.lua:101]: Preload file at: file:///tmp/.mount_nvimxJ5vrY/usr/share/nvim/runtime/lua/jit/dis_mips64.lua , size = 0.689 KB
[17:06:55.999][info] [#0:script/workspace/loading.lua:113]: ++++As library of:	file:///tmp/.mount_nvimxJ5vrY/usr/share/nvim/runtime/lua
[17:06:55.999][info] [#0:script/workspace/loading.lua:98]: Skip loaded file: file:///tmp/.mount_nvimxJ5vrY/usr/share/nvim/runtime/lua/jit/dis_mips64.lua
[17:06:55.999][info] [#0:script/workspace/loading.lua:101]: Preload file at: file:///tmp/.mount_nvimxJ5vrY/usr/share/nvim/runtime/lua/jit/dis_mips64el.lua , size = 0.700 KB
[17:06:56.000][info] [#0:script/workspace/loading.lua:113]: ++++As library of:	file:///tmp/.mount_nvimxJ5vrY/usr/share/nvim/runtime/lua
[17:06:56.000][info] [#0:script/workspace/loading.lua:98]: Skip loaded file: file:///tmp/.mount_nvimxJ5vrY/usr/share/nvim/runtime/lua/jit/dis_mips64el.lua
[17:06:56.000][info] [#0:script/workspace/loading.lua:101]: Preload file at: file:///tmp/.mount_nvimxJ5vrY/usr/share/nvim/runtime/lua/jit/dis_mips64r6.lua , size = 0.700 KB
[17:06:56.001][info] [#0:script/workspace/loading.lua:113]: ++++As library of:	file:///tmp/.mount_nvimxJ5vrY/usr/share/nvim/runtime/lua
[17:06:56.001][info] [#0:script/workspace/loading.lua:98]: Skip loaded file: file:///tmp/.mount_nvimxJ5vrY/usr/share/nvim/runtime/lua/jit/dis_mips64r6.lua
[17:06:56.001][info] [#0:script/workspace/loading.lua:101]: Preload file at: file:///tmp/.mount_nvimxJ5vrY/usr/share/nvim/runtime/lua/jit/dis_mips64r6el.lua , size = 0.711 KB
[17:06:56.013][info] [#0:script/workspace/loading.lua:113]: ++++As library of:	file:///tmp/.mount_nvimxJ5vrY/usr/share/nvim/runtime/lua
[17:06:56.013][info] [#0:script/workspace/loading.lua:98]: Skip loaded file: file:///tmp/.mount_nvimxJ5vrY/usr/share/nvim/runtime/lua/jit/dis_mips64r6el.lua
[17:06:56.013][info] [#0:script/workspace/loading.lua:101]: Preload file at: file:///tmp/.mount_nvimxJ5vrY/usr/share/nvim/runtime/lua/jit/dis_mipsel.lua , size = 0.698 KB
[17:06:56.014][info] [#0:script/workspace/loading.lua:113]: ++++As library of:	file:///tmp/.mount_nvimxJ5vrY/usr/share/nvim/runtime/lua
[17:06:56.015][info] [#0:script/workspace/loading.lua:98]: Skip loaded file: file:///tmp/.mount_nvimxJ5vrY/usr/share/nvim/runtime/lua/jit/dis_mipsel.lua
[17:06:56.015][info] [#0:script/workspace/loading.lua:101]: Preload file at: file:///tmp/.mount_nvimxJ5vrY/usr/share/nvim/runtime/lua/jit/dis_ppc.lua , size = 19.825 KB
[17:06:56.077][info] [#0:script/workspace/loading.lua:113]: ++++As library of:	file:///tmp/.mount_nvimxJ5vrY/usr/share/nvim/runtime/lua
[17:06:56.078][info] [#0:script/workspace/loading.lua:89]: Skip loaded file: file:///tmp/.mount_nvimxJ5vrY/usr/share/nvim/runtime/lua/jit/dis_ppc.lua
[17:06:56.078][info] [#0:script/workspace/loading.lua:113]: ++++As library of:	file:///tmp/.mount_nvimxJ5vrY/usr/share/nvim/runtime/lua
[17:06:56.078][info] [#0:script/workspace/loading.lua:101]: Preload file at: file:///tmp/.mount_nvimxJ5vrY/usr/share/nvim/runtime/lua/jit/dis_x64.lua , size = 0.695 KB
[17:06:56.079][info] [#0:script/workspace/loading.lua:113]: ++++As library of:	file:///tmp/.mount_nvimxJ5vrY/usr/share/nvim/runtime/lua
[17:06:56.079][info] [#0:script/workspace/loading.lua:98]: Skip loaded file: file:///tmp/.mount_nvimxJ5vrY/usr/share/nvim/runtime/lua/jit/dis_x64.lua
[17:06:56.092][info] [#0:script/workspace/loading.lua:101]: Preload file at: file:///tmp/.mount_nvimxJ5vrY/usr/share/nvim/runtime/lua/jit/dis_x86.lua , size = 33.033 KB
[17:06:56.250][warn] [#0:script/files.lua:695]: Compile [file:///tmp/.mount_nvimxJ5vrY/usr/share/nvim/runtime/lua/jit/dis_x86.lua] takes [0.178] sec, size [33.826] kb.
[17:06:56.279][info] [#0:script/workspace/loading.lua:113]: ++++As library of:	file:///tmp/.mount_nvimxJ5vrY/usr/share/nvim/runtime/lua
[17:06:56.280][info] [#0:script/workspace/loading.lua:101]: Preload file at: file:///tmp/.mount_nvimxJ5vrY/usr/share/nvim/runtime/lua/jit/dump.lua , size = 20.130 KB
[17:06:56.360][info] [#0:script/workspace/loading.lua:113]: ++++As library of:	file:///tmp/.mount_nvimxJ5vrY/usr/share/nvim/runtime/lua
[17:06:56.360][info] [#0:script/workspace/loading.lua:98]: Skip loaded file: file:///tmp/.mount_nvimxJ5vrY/usr/share/nvim/runtime/lua/jit/dis_x86.lua
[17:06:56.361][info] [#0:script/workspace/loading.lua:98]: Skip loaded file: file:///tmp/.mount_nvimxJ5vrY/usr/share/nvim/runtime/lua/jit/dump.lua
[17:06:56.361][info] [#0:script/workspace/loading.lua:101]: Preload file at: file:///tmp/.mount_nvimxJ5vrY/usr/share/nvim/runtime/lua/jit/p.lua , size = 8.891 KB
[17:06:56.392][info] [#0:script/workspace/loading.lua:113]: ++++As library of:	file:///tmp/.mount_nvimxJ5vrY/usr/share/nvim/runtime/lua
[17:06:56.392][info] [#0:script/workspace/loading.lua:98]: Skip loaded file: file:///tmp/.mount_nvimxJ5vrY/usr/share/nvim/runtime/lua/jit/p.lua
[17:06:56.392][info] [#0:script/workspace/loading.lua:101]: Preload file at: file:///tmp/.mount_nvimxJ5vrY/usr/share/nvim/runtime/lua/jit/v.lua , size = 5.576 KB
[17:06:56.408][info] [#0:script/workspace/loading.lua:113]: ++++As library of:	file:///tmp/.mount_nvimxJ5vrY/usr/share/nvim/runtime/lua
[17:06:56.408][info] [#0:script/workspace/loading.lua:98]: Skip loaded file: file:///tmp/.mount_nvimxJ5vrY/usr/share/nvim/runtime/lua/jit/v.lua
[17:06:56.409][info] [#0:script/workspace/loading.lua:101]: Preload file at: file:///tmp/.mount_nvimxJ5vrY/usr/share/nvim/runtime/lua/jit/vmdef.lua , size = 7.920 KB
[17:06:56.471][info] [#0:script/workspace/loading.lua:113]: ++++As library of:	file:///tmp/.mount_nvimxJ5vrY/usr/share/nvim/runtime/lua
[17:06:56.471][info] [#0:script/workspace/loading.lua:98]: Skip loaded file: file:///tmp/.mount_nvimxJ5vrY/usr/share/nvim/runtime/lua/jit/vmdef.lua
[17:06:56.471][info] [#0:script/workspace/loading.lua:101]: Preload file at: file:///tmp/.mount_nvimxJ5vrY/usr/share/nvim/runtime/lua/jit/zone.lua , size = 0.979 KB
[17:06:56.473][info] [#0:script/workspace/loading.lua:113]: ++++As library of:	file:///tmp/.mount_nvimxJ5vrY/usr/share/nvim/runtime/lua
[17:06:56.473][info] [#0:script/workspace/loading.lua:98]: Skip loaded file: file:///tmp/.mount_nvimxJ5vrY/usr/share/nvim/runtime/lua/jit/zone.lua
[17:06:56.473][info] [#0:script/workspace/loading.lua:101]: Preload file at: file:///tmp/.mount_nvimxJ5vrY/usr/share/nvim/runtime/lua/man.lua , size = 25.082 KB
[17:06:56.566][info] [#0:script/workspace/loading.lua:113]: ++++As library of:	file:///tmp/.mount_nvimxJ5vrY/usr/share/nvim/runtime/lua
[17:06:56.566][info] [#0:script/workspace/loading.lua:98]: Skip loaded file: file:///tmp/.mount_nvimxJ5vrY/usr/share/nvim/runtime/lua/man.lua
[17:06:56.567][info] [#0:script/workspace/loading.lua:101]: Preload file at: file:///tmp/.mount_nvimxJ5vrY/usr/share/nvim/runtime/lua/nvim/health.lua , size = 12.706 KB
[17:06:56.611][info] [#0:script/workspace/loading.lua:113]: ++++As library of:	file:///tmp/.mount_nvimxJ5vrY/usr/share/nvim/runtime/lua
[17:06:56.612][info] [#0:script/workspace/loading.lua:98]: Skip loaded file: file:///tmp/.mount_nvimxJ5vrY/usr/share/nvim/runtime/lua/nvim/health.lua
[17:06:56.612][info] [#0:script/workspace/loading.lua:101]: Preload file at: file:///tmp/.mount_nvimxJ5vrY/usr/share/nvim/runtime/lua/vim/F.lua , size = 0.824 KB
[17:06:56.613][info] [#0:script/workspace/loading.lua:113]: ++++As library of:	file:///tmp/.mount_nvimxJ5vrY/usr/share/nvim/runtime/lua
[17:06:56.614][info] [#0:script/workspace/loading.lua:98]: Skip loaded file: file:///tmp/.mount_nvimxJ5vrY/usr/share/nvim/runtime/lua/vim/F.lua
[17:06:56.614][info] [#0:script/workspace/loading.lua:101]: Preload file at: file:///tmp/.mount_nvimxJ5vrY/usr/share/nvim/runtime/lua/vim/_editor.lua , size = 29.364 KB
[17:06:56.707][info] [#0:script/workspace/loading.lua:113]: ++++As library of:	file:///tmp/.mount_nvimxJ5vrY/usr/share/nvim/runtime/lua
[17:06:56.708][info] [#0:script/workspace/loading.lua:98]: Skip loaded file: file:///tmp/.mount_nvimxJ5vrY/usr/share/nvim/runtime/lua/vim/_editor.lua
[17:06:56.708][info] [#0:script/workspace/loading.lua:101]: Preload file at: file:///tmp/.mount_nvimxJ5vrY/usr/share/nvim/runtime/lua/vim/_init_packages.lua , size = 2.773 KB
[17:06:56.722][info] [#0:script/workspace/loading.lua:113]: ++++As library of:	file:///tmp/.mount_nvimxJ5vrY/usr/share/nvim/runtime/lua
[17:06:56.722][info] [#0:script/workspace/loading.lua:98]: Skip loaded file: file:///tmp/.mount_nvimxJ5vrY/usr/share/nvim/runtime/lua/vim/_init_packages.lua
[17:06:56.722][info] [#0:script/workspace/loading.lua:101]: Preload file at: file:///tmp/.mount_nvimxJ5vrY/usr/share/nvim/runtime/lua/vim/_inspector.lua , size = 7.915 KB
[17:06:56.754][info] [#0:script/workspace/loading.lua:113]: ++++As library of:	file:///tmp/.mount_nvimxJ5vrY/usr/share/nvim/runtime/lua
[17:06:56.754][info] [#0:script/workspace/loading.lua:98]: Skip loaded file: file:///tmp/.mount_nvimxJ5vrY/usr/share/nvim/runtime/lua/vim/_inspector.lua
[17:06:56.754][info] [#0:script/workspace/loading.lua:101]: Preload file at: file:///tmp/.mount_nvimxJ5vrY/usr/share/nvim/runtime/lua/vim/_options.lua , size = 12.261 KB
[17:06:56.801][info] [#0:script/workspace/loading.lua:113]: ++++As library of:	file:///tmp/.mount_nvimxJ5vrY/usr/share/nvim/runtime/lua
[17:06:56.801][info] [#0:script/workspace/loading.lua:98]: Skip loaded file: file:///tmp/.mount_nvimxJ5vrY/usr/share/nvim/runtime/lua/vim/_options.lua
[17:06:56.801][info] [#0:script/workspace/loading.lua:101]: Preload file at: file:///tmp/.mount_nvimxJ5vrY/usr/share/nvim/runtime/lua/vim/_watch.lua , size = 5.387 KB
[17:06:56.820][info] [#0:script/workspace/loading.lua:113]: ++++As library of:	file:///tmp/.mount_nvimxJ5vrY/usr/share/nvim/runtime/lua
[17:06:56.820][info] [#0:script/workspace/loading.lua:98]: Skip loaded file: file:///tmp/.mount_nvimxJ5vrY/usr/share/nvim/runtime/lua/vim/_watch.lua
[17:06:56.820][info] [#0:script/workspace/loading.lua:101]: Preload file at: file:///tmp/.mount_nvimxJ5vrY/usr/share/nvim/runtime/lua/vim/diagnostic.lua , size = 56.640 KB
[17:06:56.945][warn] [#0:script/files.lua:695]: Compile [file:///tmp/.mount_nvimxJ5vrY/usr/share/nvim/runtime/lua/vim/diagnostic.lua] takes [0.124] sec, size [57.999] kb.
[17:06:56.993][info] [#0:script/workspace/loading.lua:113]: ++++As library of:	file:///tmp/.mount_nvimxJ5vrY/usr/share/nvim/runtime/lua
[17:06:56.994][info] [#0:script/workspace/loading.lua:98]: Skip loaded file: file:///tmp/.mount_nvimxJ5vrY/usr/share/nvim/runtime/lua/vim/diagnostic.lua
[17:06:56.994][info] [#0:script/workspace/loading.lua:101]: Preload file at: file:///tmp/.mount_nvimxJ5vrY/usr/share/nvim/runtime/lua/vim/filetype/detect.lua , size = 47.659 KB
[17:06:57.185][warn] [#0:script/files.lua:695]: Compile [file:///tmp/.mount_nvimxJ5vrY/usr/share/nvim/runtime/lua/vim/filetype/detect.lua] takes [0.190] sec, size [48.803] kb.
[17:06:57.220][info] [#0:script/workspace/loading.lua:113]: ++++As library of:	file:///tmp/.mount_nvimxJ5vrY/usr/share/nvim/runtime/lua
[17:06:57.230][info] [#0:script/workspace/loading.lua:98]: Skip loaded file: file:///tmp/.mount_nvimxJ5vrY/usr/share/nvim/runtime/lua/vim/filetype/detect.lua
[17:06:57.230][info] [#0:script/workspace/loading.lua:101]: Preload file at: file:///tmp/.mount_nvimxJ5vrY/usr/share/nvim/runtime/lua/vim/filetype/options.lua , size = 2.561 KB
[17:06:57.234][info] [#0:script/workspace/loading.lua:113]: ++++As library of:	file:///tmp/.mount_nvimxJ5vrY/usr/share/nvim/runtime/lua
[17:06:57.234][info] [#0:script/workspace/loading.lua:98]: Skip loaded file: file:///tmp/.mount_nvimxJ5vrY/usr/share/nvim/runtime/lua/vim/filetype/options.lua
[17:06:57.234][info] [#0:script/workspace/loading.lua:101]: Preload file at: file:///tmp/.mount_nvimxJ5vrY/usr/share/nvim/runtime/lua/vim/filetype.lua , size = 74.400 KB
[17:06:57.391][warn] [#0:script/files.lua:695]: Compile [file:///tmp/.mount_nvimxJ5vrY/usr/share/nvim/runtime/lua/vim/filetype.lua] takes [0.156] sec, size [76.186] kb.
[17:06:57.454][info] [#0:script/workspace/loading.lua:113]: ++++As library of:	file:///tmp/.mount_nvimxJ5vrY/usr/share/nvim/runtime/lua
[17:06:57.454][info] [#0:script/workspace/loading.lua:101]: Preload file at: file:///tmp/.mount_nvimxJ5vrY/usr/share/nvim/runtime/lua/vim/fs.lua , size = 10.702 KB
[17:06:57.489][info] [#0:script/workspace/loading.lua:113]: ++++As library of:	file:///tmp/.mount_nvimxJ5vrY/usr/share/nvim/runtime/lua
[17:06:57.489][info] [#0:script/workspace/loading.lua:98]: Skip loaded file: file:///tmp/.mount_nvimxJ5vrY/usr/share/nvim/runtime/lua/vim/fs.lua
[17:06:57.489][info] [#0:script/workspace/loading.lua:101]: Preload file at: file:///tmp/.mount_nvimxJ5vrY/usr/share/nvim/runtime/lua/vim/health.lua , size = 1.782 KB
[17:06:57.527][info] [#0:script/workspace/loading.lua:113]: ++++As library of:	file:///tmp/.mount_nvimxJ5vrY/usr/share/nvim/runtime/lua
[17:06:57.527][info] [#0:script/workspace/loading.lua:98]: Skip loaded file: file:///tmp/.mount_nvimxJ5vrY/usr/share/nvim/runtime/lua/vim/health.lua
[17:06:57.528][info] [#0:script/workspace/loading.lua:101]: Preload file at: file:///tmp/.mount_nvimxJ5vrY/usr/share/nvim/runtime/lua/vim/highlight.lua , size = 3.749 KB
[17:06:57.543][info] [#0:script/workspace/loading.lua:113]: ++++As library of:	file:///tmp/.mount_nvimxJ5vrY/usr/share/nvim/runtime/lua
[17:06:57.544][info] [#0:script/workspace/loading.lua:98]: Skip loaded file: file:///tmp/.mount_nvimxJ5vrY/usr/share/nvim/runtime/lua/vim/highlight.lua
[17:06:57.544][info] [#0:script/workspace/loading.lua:101]: Preload file at: file:///tmp/.mount_nvimxJ5vrY/usr/share/nvim/runtime/lua/vim/inspect.lua , size = 8.864 KB
[17:06:57.613][info] [#0:script/workspace/loading.lua:113]: ++++As library of:	file:///tmp/.mount_nvimxJ5vrY/usr/share/nvim/runtime/lua
[17:06:57.614][info] [#0:script/workspace/loading.lua:98]: Skip loaded file: file:///tmp/.mount_nvimxJ5vrY/usr/share/nvim/runtime/lua/vim/inspect.lua
[17:06:57.614][info] [#0:script/workspace/loading.lua:101]: Preload file at: file:///tmp/.mount_nvimxJ5vrY/usr/share/nvim/runtime/lua/vim/keymap.lua , size = 3.573 KB
[17:06:57.648][info] [#0:script/workspace/loading.lua:113]: ++++As library of:	file:///tmp/.mount_nvimxJ5vrY/usr/share/nvim/runtime/lua
[17:06:57.648][info] [#0:script/workspace/loading.lua:98]: Skip loaded file: file:///tmp/.mount_nvimxJ5vrY/usr/share/nvim/runtime/lua/vim/keymap.lua
[17:06:57.648][info] [#0:script/workspace/loading.lua:98]: Skip loaded file: file:///tmp/.mount_nvimxJ5vrY/usr/share/nvim/runtime/lua/vim/filetype.lua
[17:06:57.648][info] [#0:script/workspace/loading.lua:101]: Preload file at: file:///tmp/.mount_nvimxJ5vrY/usr/share/nvim/runtime/lua/vim/loader.lua , size = 16.182 KB
[17:06:57.725][info] [#0:script/workspace/loading.lua:113]: ++++As library of:	file:///tmp/.mount_nvimxJ5vrY/usr/share/nvim/runtime/lua
[17:06:57.725][info] [#0:script/workspace/loading.lua:101]: Preload file at: file:///tmp/.mount_nvimxJ5vrY/usr/share/nvim/runtime/lua/vim/lsp/_snippet.lua , size = 10.744 KB
[17:06:57.841][info] [#0:script/workspace/loading.lua:113]: ++++As library of:	file:///tmp/.mount_nvimxJ5vrY/usr/share/nvim/runtime/lua
[17:06:57.841][info] [#0:script/workspace/loading.lua:98]: Skip loaded file: file:///tmp/.mount_nvimxJ5vrY/usr/share/nvim/runtime/lua/vim/lsp/_snippet.lua
[17:06:57.841][info] [#0:script/workspace/loading.lua:101]: Preload file at: file:///tmp/.mount_nvimxJ5vrY/usr/share/nvim/runtime/lua/vim/lsp/_watchfiles.lua , size = 9.692 KB
[17:06:57.884][info] [#0:script/workspace/loading.lua:113]: ++++As library of:	file:///tmp/.mount_nvimxJ5vrY/usr/share/nvim/runtime/lua
[17:06:57.884][info] [#0:script/workspace/loading.lua:98]: Skip loaded file: file:///tmp/.mount_nvimxJ5vrY/usr/share/nvim/runtime/lua/vim/loader.lua
[17:06:57.884][info] [#0:script/workspace/loading.lua:98]: Skip loaded file: file:///tmp/.mount_nvimxJ5vrY/usr/share/nvim/runtime/lua/vim/lsp/_watchfiles.lua
[17:06:57.885][info] [#0:script/workspace/loading.lua:101]: Preload file at: file:///tmp/.mount_nvimxJ5vrY/usr/share/nvim/runtime/lua/vim/lsp/buf.lua , size = 27.969 KB
[17:06:57.952][info] [#0:script/workspace/loading.lua:113]: ++++As library of:	file:///tmp/.mount_nvimxJ5vrY/usr/share/nvim/runtime/lua
[17:06:57.963][info] [#0:script/workspace/loading.lua:98]: Skip loaded file: file:///tmp/.mount_nvimxJ5vrY/usr/share/nvim/runtime/lua/vim/lsp/buf.lua
[17:06:58.012][info] [#0:script/workspace/loading.lua:101]: Preload file at: file:///tmp/.mount_nvimxJ5vrY/usr/share/nvim/runtime/lua/vim/lsp/codelens.lua , size = 8.554 KB
[17:06:58.043][info] [#0:script/workspace/loading.lua:113]: ++++As library of:	file:///tmp/.mount_nvimxJ5vrY/usr/share/nvim/runtime/lua
[17:06:58.043][info] [#0:script/workspace/loading.lua:89]: Skip loaded file: file:///tmp/.mount_nvimxJ5vrY/usr/share/nvim/runtime/lua/vim/lsp/codelens.lua
[17:06:58.043][info] [#0:script/workspace/loading.lua:113]: ++++As library of:	file:///tmp/.mount_nvimxJ5vrY/usr/share/nvim/runtime/lua
[17:06:58.044][info] [#0:script/workspace/loading.lua:101]: Preload file at: file:///tmp/.mount_nvimxJ5vrY/usr/share/nvim/runtime/lua/vim/lsp/diagnostic.lua , size = 8.867 KB
[17:06:58.064][info] [#0:script/workspace/loading.lua:113]: ++++As library of:	file:///tmp/.mount_nvimxJ5vrY/usr/share/nvim/runtime/lua
[17:06:58.074][info] [#0:script/workspace/loading.lua:98]: Skip loaded file: file:///tmp/.mount_nvimxJ5vrY/usr/share/nvim/runtime/lua/vim/lsp/diagnostic.lua
[17:06:58.075][info] [#0:script/workspace/loading.lua:101]: Preload file at: file:///tmp/.mount_nvimxJ5vrY/usr/share/nvim/runtime/lua/vim/lsp/handlers.lua , size = 23.587 KB
[17:06:58.237][warn] [#0:script/files.lua:695]: Compile [file:///tmp/.mount_nvimxJ5vrY/usr/share/nvim/runtime/lua/vim/lsp/handlers.lua] takes [0.162] sec, size [24.153] kb.
[17:06:58.266][info] [#0:script/workspace/loading.lua:113]: ++++As library of:	file:///tmp/.mount_nvimxJ5vrY/usr/share/nvim/runtime/lua
[17:06:58.266][info] [#0:script/workspace/loading.lua:98]: Skip loaded file: file:///tmp/.mount_nvimxJ5vrY/usr/share/nvim/runtime/lua/vim/lsp/handlers.lua
[17:06:58.266][info] [#0:script/workspace/loading.lua:101]: Preload file at: file:///tmp/.mount_nvimxJ5vrY/usr/share/nvim/runtime/lua/vim/lsp/health.lua , size = 1.240 KB
[17:06:58.268][info] [#0:script/workspace/loading.lua:113]: ++++As library of:	file:///tmp/.mount_nvimxJ5vrY/usr/share/nvim/runtime/lua
[17:06:58.269][info] [#0:script/workspace/loading.lua:98]: Skip loaded file: file:///tmp/.mount_nvimxJ5vrY/usr/share/nvim/runtime/lua/vim/lsp/health.lua
[17:06:58.269][info] [#0:script/workspace/loading.lua:101]: Preload file at: file:///tmp/.mount_nvimxJ5vrY/usr/share/nvim/runtime/lua/vim/lsp/log.lua , size = 5.151 KB
[17:06:58.297][info] [#0:script/workspace/loading.lua:113]: ++++As library of:	file:///tmp/.mount_nvimxJ5vrY/usr/share/nvim/runtime/lua
[17:06:58.297][info] [#0:script/workspace/loading.lua:98]: Skip loaded file: file:///tmp/.mount_nvimxJ5vrY/usr/share/nvim/runtime/lua/vim/lsp/log.lua
[17:06:58.298][info] [#0:script/workspace/loading.lua:101]: Preload file at: file:///tmp/.mount_nvimxJ5vrY/usr/share/nvim/runtime/lua/vim/lsp/protocol.lua , size = 28.367 KB
[17:06:58.331][info] [#0:script/workspace/loading.lua:113]: ++++As library of:	file:///tmp/.mount_nvimxJ5vrY/usr/share/nvim/runtime/lua
[17:06:58.331][info] [#0:script/workspace/loading.lua:98]: Skip loaded file: file:///tmp/.mount_nvimxJ5vrY/usr/share/nvim/runtime/lua/vim/lsp/protocol.lua
[17:06:58.331][info] [#0:script/workspace/loading.lua:101]: Preload file at: file:///tmp/.mount_nvimxJ5vrY/usr/share/nvim/runtime/lua/vim/lsp/rpc.lua , size = 23.695 KB
[17:06:58.396][info] [#0:script/workspace/loading.lua:113]: ++++As library of:	file:///tmp/.mount_nvimxJ5vrY/usr/share/nvim/runtime/lua
[17:06:58.397][info] [#0:script/workspace/loading.lua:98]: Skip loaded file: file:///tmp/.mount_nvimxJ5vrY/usr/share/nvim/runtime/lua/vim/lsp/rpc.lua
[17:06:58.397][info] [#0:script/workspace/loading.lua:101]: Preload file at: file:///tmp/.mount_nvimxJ5vrY/usr/share/nvim/runtime/lua/vim/lsp/semantic_tokens.lua , size = 25.936 KB
[17:06:58.460][info] [#0:script/workspace/loading.lua:113]: ++++As library of:	file:///tmp/.mount_nvimxJ5vrY/usr/share/nvim/runtime/lua
[17:06:58.461][info] [#0:script/workspace/loading.lua:98]: Skip loaded file: file:///tmp/.mount_nvimxJ5vrY/usr/share/nvim/runtime/lua/vim/lsp/semantic_tokens.lua
[17:06:58.461][info] [#0:script/workspace/loading.lua:101]: Preload file at: file:///tmp/.mount_nvimxJ5vrY/usr/share/nvim/runtime/lua/vim/lsp/sync.lua , size = 15.681 KB
[17:06:58.505][info] [#0:script/workspace/loading.lua:113]: ++++As library of:	file:///tmp/.mount_nvimxJ5vrY/usr/share/nvim/runtime/lua
[17:06:58.505][info] [#0:script/workspace/loading.lua:89]: Skip loaded file: file:///tmp/.mount_nvimxJ5vrY/usr/share/nvim/runtime/lua/vim/lsp/sync.lua
[17:06:58.505][info] [#0:script/workspace/loading.lua:113]: ++++As library of:	file:///tmp/.mount_nvimxJ5vrY/usr/share/nvim/runtime/lua
[17:06:58.507][info] [#0:script/workspace/loading.lua:101]: Preload file at: file:///tmp/.mount_nvimxJ5vrY/usr/share/nvim/runtime/lua/vim/lsp/tagfunc.lua , size = 2.339 KB
[17:06:58.521][info] [#0:script/workspace/loading.lua:113]: ++++As library of:	file:///tmp/.mount_nvimxJ5vrY/usr/share/nvim/runtime/lua
[17:06:58.521][info] [#0:script/workspace/loading.lua:98]: Skip loaded file: file:///tmp/.mount_nvimxJ5vrY/usr/share/nvim/runtime/lua/vim/lsp/tagfunc.lua
[17:06:58.568][info] [#0:script/workspace/loading.lua:101]: Preload file at: file:///tmp/.mount_nvimxJ5vrY/usr/share/nvim/runtime/lua/vim/lsp/types.lua , size = 0.924 KB
[17:06:58.570][info] [#0:script/workspace/loading.lua:113]: ++++As library of:	file:///tmp/.mount_nvimxJ5vrY/usr/share/nvim/runtime/lua
[17:06:58.570][info] [#0:script/workspace/loading.lua:98]: Skip loaded file: file:///tmp/.mount_nvimxJ5vrY/usr/share/nvim/runtime/lua/vim/lsp/types.lua
[17:06:58.631][info] [#0:script/workspace/loading.lua:101]: Preload file at: file:///tmp/.mount_nvimxJ5vrY/usr/share/nvim/runtime/lua/vim/lsp/util.lua , size = 70.764 KB
[17:06:58.776][warn] [#0:script/files.lua:695]: Compile [file:///tmp/.mount_nvimxJ5vrY/usr/share/nvim/runtime/lua/vim/lsp/util.lua] takes [0.144] sec, size [72.462] kb.
[17:06:58.853][info] [#0:script/workspace/loading.lua:113]: ++++As library of:	file:///tmp/.mount_nvimxJ5vrY/usr/share/nvim/runtime/lua
[17:06:58.854][info] [#0:script/workspace/loading.lua:98]: Skip loaded file: file:///tmp/.mount_nvimxJ5vrY/usr/share/nvim/runtime/lua/vim/lsp/util.lua
[17:06:59.298][info] [#0:script/workspace/loading.lua:101]: Preload file at: file:///tmp/.mount_nvimxJ5vrY/usr/share/nvim/runtime/lua/vim/lsp.lua , size = 82.377 KB
[17:06:59.492][warn] [#0:script/files.lua:695]: Compile [file:///tmp/.mount_nvimxJ5vrY/usr/share/nvim/runtime/lua/vim/lsp.lua] takes [0.193] sec, size [84.354] kb.
[17:06:59.572][info] [#0:script/workspace/loading.lua:113]: ++++As library of:	file:///tmp/.mount_nvimxJ5vrY/usr/share/nvim/runtime/lua
[17:06:59.581][info] [#0:script/workspace/loading.lua:98]: Skip loaded file: file:///tmp/.mount_nvimxJ5vrY/usr/share/nvim/runtime/lua/vim/lsp.lua
[17:07:00.025][info] [#0:script/workspace/loading.lua:101]: Preload file at: file:///tmp/.mount_nvimxJ5vrY/usr/share/nvim/runtime/lua/vim/secure.lua , size = 4.830 KB
[17:07:00.043][info] [#0:script/workspace/loading.lua:113]: ++++As library of:	file:///tmp/.mount_nvimxJ5vrY/usr/share/nvim/runtime/lua
[17:07:00.043][info] [#0:script/workspace/loading.lua:98]: Skip loaded file: file:///tmp/.mount_nvimxJ5vrY/usr/share/nvim/runtime/lua/vim/secure.lua
[17:07:00.109][info] [#0:script/workspace/loading.lua:101]: Preload file at: file:///tmp/.mount_nvimxJ5vrY/usr/share/nvim/runtime/lua/vim/shared.lua , size = 22.292 KB
[17:07:00.212][info] [#0:script/workspace/loading.lua:113]: ++++As library of:	file:///tmp/.mount_nvimxJ5vrY/usr/share/nvim/runtime/lua
[17:07:00.212][info] [#0:script/workspace/loading.lua:98]: Skip loaded file: file:///tmp/.mount_nvimxJ5vrY/usr/share/nvim/runtime/lua/vim/shared.lua
[17:07:00.273][info] [#0:script/workspace/loading.lua:101]: Preload file at: file:///tmp/.mount_nvimxJ5vrY/usr/share/nvim/runtime/lua/vim/treesitter/_fold.lua , size = 8.207 KB
[17:07:00.305][info] [#0:script/workspace/loading.lua:113]: ++++As library of:	file:///tmp/.mount_nvimxJ5vrY/usr/share/nvim/runtime/lua
[17:07:00.305][info] [#0:script/workspace/loading.lua:98]: Skip loaded file: file:///tmp/.mount_nvimxJ5vrY/usr/share/nvim/runtime/lua/vim/treesitter/_fold.lua
[17:07:00.399][info] [#0:script/workspace/loading.lua:101]: Preload file at: file:///tmp/.mount_nvimxJ5vrY/usr/share/nvim/runtime/lua/vim/treesitter/_meta.lua , size = 2.839 KB
[17:07:00.416][info] [#0:script/workspace/loading.lua:113]: ++++As library of:	file:///tmp/.mount_nvimxJ5vrY/usr/share/nvim/runtime/lua
[17:07:00.417][info] [#0:script/workspace/loading.lua:98]: Skip loaded file: file:///tmp/.mount_nvimxJ5vrY/usr/share/nvim/runtime/lua/vim/treesitter/_meta.lua
[17:07:00.510][info] [#0:script/workspace/loading.lua:101]: Preload file at: file:///tmp/.mount_nvimxJ5vrY/usr/share/nvim/runtime/lua/vim/treesitter/_range.lua , size = 3.646 KB
[17:07:00.528][info] [#0:script/workspace/loading.lua:113]: ++++As library of:	file:///tmp/.mount_nvimxJ5vrY/usr/share/nvim/runtime/lua
[17:07:00.528][info] [#0:script/workspace/loading.lua:98]: Skip loaded file: file:///tmp/.mount_nvimxJ5vrY/usr/share/nvim/runtime/lua/vim/treesitter/_range.lua
[17:07:00.603][info] [#0:script/workspace/loading.lua:101]: Preload file at: file:///tmp/.mount_nvimxJ5vrY/usr/share/nvim/runtime/lua/vim/treesitter/health.lua , size = 0.888 KB
[17:07:00.605][info] [#0:script/workspace/loading.lua:113]: ++++As library of:	file:///tmp/.mount_nvimxJ5vrY/usr/share/nvim/runtime/lua
[17:07:00.605][info] [#0:script/workspace/loading.lua:98]: Skip loaded file: file:///tmp/.mount_nvimxJ5vrY/usr/share/nvim/runtime/lua/vim/treesitter/health.lua
[17:07:00.760][info] [#0:script/workspace/loading.lua:101]: Preload file at: file:///tmp/.mount_nvimxJ5vrY/usr/share/nvim/runtime/lua/vim/treesitter/highlighter.lua , size = 8.781 KB
[17:07:00.809][info] [#0:script/workspace/loading.lua:113]: ++++As library of:	file:///tmp/.mount_nvimxJ5vrY/usr/share/nvim/runtime/lua
[17:07:00.809][info] [#0:script/workspace/loading.lua:98]: Skip loaded file: file:///tmp/.mount_nvimxJ5vrY/usr/share/nvim/runtime/lua/vim/treesitter/highlighter.lua
[17:07:00.874][info] [#0:script/workspace/loading.lua:101]: Preload file at: file:///tmp/.mount_nvimxJ5vrY/usr/share/nvim/runtime/lua/vim/treesitter/language.lua , size = 3.558 KB
[17:07:00.890][info] [#0:script/workspace/loading.lua:113]: ++++As library of:	file:///tmp/.mount_nvimxJ5vrY/usr/share/nvim/runtime/lua
[17:07:00.890][info] [#0:script/workspace/loading.lua:98]: Skip loaded file: file:///tmp/.mount_nvimxJ5vrY/usr/share/nvim/runtime/lua/vim/treesitter/language.lua
[17:07:01.029][info] [#0:script/workspace/loading.lua:101]: Preload file at: file:///tmp/.mount_nvimxJ5vrY/usr/share/nvim/runtime/lua/vim/treesitter/languagetree.lua , size = 27.647 KB
[17:07:01.315][info] [#0:script/workspace/loading.lua:113]: ++++As library of:	file:///tmp/.mount_nvimxJ5vrY/usr/share/nvim/runtime/lua
[17:07:01.315][info] [#0:script/workspace/loading.lua:98]: Skip loaded file: file:///tmp/.mount_nvimxJ5vrY/usr/share/nvim/runtime/lua/vim/treesitter/languagetree.lua
[17:07:01.379][info] [#0:script/workspace/loading.lua:101]: Preload file at: file:///tmp/.mount_nvimxJ5vrY/usr/share/nvim/runtime/lua/vim/treesitter/playground.lua , size = 12.562 KB
[17:07:01.427][info] [#0:script/workspace/loading.lua:113]: ++++As library of:	file:///tmp/.mount_nvimxJ5vrY/usr/share/nvim/runtime/lua
[17:07:01.428][info] [#0:script/workspace/loading.lua:98]: Skip loaded file: file:///tmp/.mount_nvimxJ5vrY/usr/share/nvim/runtime/lua/vim/treesitter/playground.lua
[17:07:01.458][info] [#0:script/workspace/loading.lua:101]: Preload file at: file:///tmp/.mount_nvimxJ5vrY/usr/share/nvim/runtime/lua/vim/treesitter/query.lua , size = 21.253 KB
[17:07:01.537][info] [#0:script/workspace/loading.lua:113]: ++++As library of:	file:///tmp/.mount_nvimxJ5vrY/usr/share/nvim/runtime/lua
[17:07:01.537][info] [#0:script/workspace/loading.lua:98]: Skip loaded file: file:///tmp/.mount_nvimxJ5vrY/usr/share/nvim/runtime/lua/vim/treesitter/query.lua
[17:07:01.567][info] [#0:script/workspace/loading.lua:101]: Preload file at: file:///tmp/.mount_nvimxJ5vrY/usr/share/nvim/runtime/lua/vim/treesitter.lua , size = 15.225 KB
[17:07:01.615][info] [#0:script/workspace/loading.lua:113]: ++++As library of:	file:///tmp/.mount_nvimxJ5vrY/usr/share/nvim/runtime/lua
[17:07:01.615][info] [#0:script/workspace/loading.lua:98]: Skip loaded file: file:///tmp/.mount_nvimxJ5vrY/usr/share/nvim/runtime/lua/vim/treesitter.lua
[17:07:01.646][info] [#0:script/workspace/loading.lua:101]: Preload file at: file:///tmp/.mount_nvimxJ5vrY/usr/share/nvim/runtime/lua/vim/ui.lua , size = 3.672 KB
[17:07:01.650][info] [#0:script/workspace/loading.lua:113]: ++++As library of:	file:///tmp/.mount_nvimxJ5vrY/usr/share/nvim/runtime/lua
[17:07:01.650][info] [#0:script/workspace/loading.lua:98]: Skip loaded file: file:///tmp/.mount_nvimxJ5vrY/usr/share/nvim/runtime/lua/vim/ui.lua
[17:07:01.679][info] [#0:script/workspace/loading.lua:101]: Preload file at: file:///tmp/.mount_nvimxJ5vrY/usr/share/nvim/runtime/lua/vim/uri.lua , size = 3.376 KB
[17:07:01.694][info] [#0:script/workspace/loading.lua:113]: ++++As library of:	file:///tmp/.mount_nvimxJ5vrY/usr/share/nvim/runtime/lua
[17:07:01.695][info] [#0:script/workspace/loading.lua:98]: Skip loaded file: file:///tmp/.mount_nvimxJ5vrY/usr/share/nvim/runtime/lua/vim/uri.lua
[17:07:01.698][info] [#0:script/workspace/loading.lua:101]: Preload file at: file:///tmp/.mount_nvimxJ5vrY/usr/share/nvim/runtime/lua/vim/version.lua , size = 12.146 KB
[17:07:01.744][info] [#0:script/workspace/loading.lua:113]: ++++As library of:	file:///tmp/.mount_nvimxJ5vrY/usr/share/nvim/runtime/lua
[17:07:01.744][info] [#0:script/workspace/loading.lua:98]: Skip loaded file: file:///tmp/.mount_nvimxJ5vrY/usr/share/nvim/runtime/lua/vim/version.lua
[17:07:01.759][info] [#0:script/workspace/loading.lua:101]: Preload file at: file:///home/its_19818942118/.local/share/nvim/mason/packages/lua-language-server/libexec/meta/Lua%205.4%20en-us%20utf8/coroutine.lua , size = 2.590 KB
[17:07:01.762][info] [#0:script/workspace/loading.lua:113]: ++++As library of:	file:///home/its_19818942118/.local/share/nvim/mason/packages/lua-language-server/libexec/meta/Lua%205.4%20en-us%20utf8/coroutine.lua
[17:07:01.762][info] [#0:script/workspace/loading.lua:98]: Skip loaded file: file:///home/its_19818942118/.local/share/nvim/mason/packages/lua-language-server/libexec/meta/Lua%205.4%20en-us%20utf8/coroutine.lua
[17:07:01.776][info] [#0:script/workspace/loading.lua:101]: Preload file at: file:///home/its_19818942118/.local/share/nvim/mason/packages/lua-language-server/libexec/meta/Lua%205.4%20en-us%20utf8/basic.lua , size = 15.377 KB
[17:07:01.822][info] [#0:script/workspace/loading.lua:113]: ++++As library of:	file:///home/its_19818942118/.local/share/nvim/mason/packages/lua-language-server/libexec/meta/Lua%205.4%20en-us%20utf8/basic.lua
[17:07:01.822][info] [#0:script/workspace/loading.lua:98]: Skip loaded file: file:///home/its_19818942118/.local/share/nvim/mason/packages/lua-language-server/libexec/meta/Lua%205.4%20en-us%20utf8/basic.lua
[17:07:01.824][info] [#0:script/workspace/loading.lua:101]: Preload file at: file:///home/its_19818942118/.config/nvim/lua/izumi/plugins/bufferline.lua , size = 0.197 KB
[17:07:01.824][info] [#0:script/workspace/loading.lua:113]: ++++As library of:	file:///home/its_19818942118/.config/nvim/lua
[17:07:01.824][info] [#0:script/workspace/loading.lua:98]: Skip loaded file: file:///home/its_19818942118/.config/nvim/lua/izumi/plugins/bufferline.lua
[17:07:01.826][info] [#0:script/workspace/loading.lua:101]: Preload file at: file:///home/its_19818942118/.config/nvim/lua/izumi/plugins/lsp/mason.lua , size = 1.321 KB
[17:07:01.838][info] [#0:script/workspace/loading.lua:113]: ++++As library of:	file:///home/its_19818942118/.config/nvim/lua
[17:07:01.838][info] [#0:script/workspace/loading.lua:98]: Skip loaded file: file:///home/its_19818942118/.config/nvim/lua/izumi/plugins/lsp/mason.lua
[17:07:01.839][info] [#0:script/workspace/loading.lua:101]: Preload file at: file:///home/its_19818942118/.config/nvim/lua/izumi/plugins/lsp/lspconfig.lua , size = 5.259 KB
[17:07:01.855][info] [#0:script/workspace/loading.lua:113]: ++++As library of:	file:///home/its_19818942118/.config/nvim/lua
[17:07:01.855][info] [#0:script/workspace/loading.lua:98]: Skip loaded file: file:///home/its_19818942118/.config/nvim/lua/izumi/plugins/lsp/lspconfig.lua
[17:07:01.857][info] [#0:script/workspace/loading.lua:101]: Preload file at: file:///home/its_19818942118/.config/nvim/lua/izumi/plugins/lsp/none-ls.lua , size = 2.455 KB
[17:07:01.869][info] [#0:script/workspace/loading.lua:113]: ++++As library of:	file:///home/its_19818942118/.config/nvim/lua
[17:07:01.869][info] [#0:script/workspace/loading.lua:98]: Skip loaded file: file:///home/its_19818942118/.config/nvim/lua/izumi/plugins/lsp/none-ls.lua
[17:07:01.871][info] [#0:script/workspace/loading.lua:101]: Preload file at: file:///home/its_19818942118/.config/nvim/lua/izumi/plugins/lualine.lua , size = 1.974 KB
[17:07:01.872][info] [#0:script/workspace/loading.lua:113]: ++++As library of:	file:///home/its_19818942118/.config/nvim/lua
[17:07:01.872][info] [#0:script/workspace/loading.lua:98]: Skip loaded file: file:///home/its_19818942118/.config/nvim/lua/izumi/plugins/lualine.lua
[17:07:01.885][info] [#0:script/workspace/loading.lua:101]: Preload file at: file:///home/its_19818942118/.config/nvim/lua/izumi/plugins/nvim-web-devicons.lua , size = 0.245 KB
[17:07:01.886][info] [#0:script/workspace/loading.lua:113]: ++++As library of:	file:///home/its_19818942118/.config/nvim/lua
[17:07:01.886][info] [#0:script/workspace/loading.lua:98]: Skip loaded file: file:///home/its_19818942118/.config/nvim/lua/izumi/plugins/nvim-web-devicons.lua
[17:07:01.887][info] [#0:script/workspace/loading.lua:101]: Preload file at: file:///home/its_19818942118/.config/nvim/lua/izumi/plugins/alpha-nvim.lua , size = 1.974 KB
[17:07:01.889][info] [#0:script/workspace/loading.lua:113]: ++++As library of:	file:///home/its_19818942118/.config/nvim/lua
[17:07:01.889][info] [#0:script/workspace/loading.lua:98]: Skip loaded file: file:///home/its_19818942118/.config/nvim/lua/izumi/plugins/alpha-nvim.lua
[17:07:01.889][info] [#0:script/workspace/loading.lua:101]: Preload file at: file:///home/its_19818942118/.config/nvim/lua/izumi/lazy.lua , size = 0.558 KB
[17:07:01.901][info] [#0:script/workspace/loading.lua:113]: ++++As library of:	file:///home/its_19818942118/.config/nvim/lua
[17:07:01.901][info] [#0:script/workspace/loading.lua:98]: Skip loaded file: file:///home/its_19818942118/.config/nvim/lua/izumi/lazy.lua
[17:07:01.902][info] [#0:script/workspace/loading.lua:101]: Preload file at: file:///home/its_19818942118/.local/share/nvim/mason/packages/lua-language-server/libexec/meta/Lua%205.4%20en-us%20utf8/debug.lua , size = 7.637 KB
[17:07:01.920][info] [#0:script/workspace/loading.lua:113]: ++++As library of:	file:///home/its_19818942118/.local/share/nvim/mason/packages/lua-language-server/libexec/meta/Lua%205.4%20en-us%20utf8/debug.lua
[17:07:01.920][info] [#0:script/workspace/loading.lua:98]: Skip loaded file: file:///home/its_19818942118/.local/share/nvim/mason/packages/lua-language-server/libexec/meta/Lua%205.4%20en-us%20utf8/debug.lua
[17:07:01.921][info] [#0:script/workspace/loading.lua:173]: Loaded files takes [6.663] sec: <fallback>
[17:07:01.921][info] [#0:script/workspace/loading.lua:182]: Compile files takes [0.000] sec: <fallback>
[17:07:01.921][info] [#0:script/workspace/loading.lua:183]: Loaded finish:	<fallback>
[17:07:01.921][info] [#0:script/workspace/workspace.lua:381]: Preload finish at:	<fallback>
[17:07:02.000][info] [#0:script/workspace/loading.lua:89]: Skip loaded file: file:///home/its_19818942118/.config/nvim/lua/izumi/plugins/bufferline.lua
[17:07:02.000][info] [#0:script/workspace/loading.lua:89]: Skip loaded file: file:///home/its_19818942118/.config/nvim/lua/izumi/plugins/lsp/mason.lua
[17:07:02.000][info] [#0:script/workspace/loading.lua:89]: Skip loaded file: file:///home/its_19818942118/.config/nvim/lua/izumi/plugins/lsp/lspconfig.lua
[17:07:02.000][info] [#0:script/workspace/loading.lua:89]: Skip loaded file: file:///home/its_19818942118/.config/nvim/lua/izumi/plugins/lsp/none-ls.lua
[17:07:02.000][info] [#0:script/workspace/loading.lua:89]: Skip loaded file: file:///home/its_19818942118/.config/nvim/lua/izumi/plugins/lualine.lua
[17:07:02.000][info] [#0:script/workspace/loading.lua:89]: Skip loaded file: file:///home/its_19818942118/.config/nvim/lua/izumi/plugins/nvim-web-devicons.lua
[17:07:02.000][info] [#0:script/workspace/loading.lua:89]: Skip loaded file: file:///home/its_19818942118/.config/nvim/lua/izumi/plugins/alpha-nvim.lua
[17:07:02.000][info] [#0:script/workspace/loading.lua:89]: Skip loaded file: file:///home/its_19818942118/.config/nvim/lua/izumi/lazy.lua
[17:07:02.000][info] [#0:script/workspace/loading.lua:173]: Loaded files takes [6.743] sec: file:///home/its_19818942118/.config/nvim/lua/
[17:07:02.000][info] [#0:script/workspace/loading.lua:182]: Compile files takes [0.000] sec: file:///home/its_19818942118/.config/nvim/lua/
[17:07:02.000][info] [#0:script/workspace/loading.lua:183]: Loaded finish:	file:///home/its_19818942118/.config/nvim/lua/
[17:07:02.000][info] [#0:script/workspace/workspace.lua:381]: Preload finish at:	file:///home/its_19818942118/.config/nvim/lua/
[17:07:02.092][info] [#0:script/provider/diagnostic.lua:557]: Diagnostics scope [file:///home/its_19818942118/.config/nvim/lua/], files count:[90]
[17:07:02.093][warn] [#0:script/proto/proto.lua:190]: Method [textDocument/didOpen] takes [7.080]sec. {
  jsonrpc = "2.0",
  method = "textDocument/didOpen",
  params = {
    textDocument = {
      languageId = "lua",
      text = '"***"',
      uri = "file:///home/its_19818942118/.config/nvim/lua/izumi/plugins/nvim-cmp.lua",
      version = 0
    }
  }
}
[17:07:02.093][warn] [#0:script/proto/proto.lua:190]: Method [textDocument/semanticTokens/full] takes [6.954]sec. {
  id = 5,
  jsonrpc = "2.0",
  method = "textDocument/semanticTokens/full",
  params = {
    textDocument = {
      uri = "file:///home/its_19818942118/.config/nvim/lua/izumi/plugins/nvim-cmp.lua"
    }
  }
}
[17:07:04.535][info] [#0:script/provider/diagnostic.lua:574]: Diagnostics scope [file:///home/its_19818942118/.config/nvim/lua/] finished, takes [2.444] sec.
[17:07:31.622][info] [#0:script/provider/provider.lua:169]: Server shutdown.
[17:07:31.622][warn] [#0:script/pub/report.lua:25]: Load proto error:	Disconnected!
